2025-06-13 12:27:25,862 ERROR: Exception on /index [POST] [in /Users/lhamann2024/Downloads/microblogg/venv/lib/python3.12/site-packages/flask/app.py:875]
Traceback (most recent call last):
  File "/Users/lhamann2024/Downloads/microblogg/venv/lib/python3.12/site-packages/flask/app.py", line 1511, in wsgi_app
    response = self.full_dispatch_request()
               ^^^^^^^^^^^^^^^^^^^^^^^^^^^^
  File "/Users/lhamann2024/Downloads/microblogg/venv/lib/python3.12/site-packages/flask/app.py", line 919, in full_dispatch_request
    rv = self.handle_user_exception(e)
         ^^^^^^^^^^^^^^^^^^^^^^^^^^^^^
  File "/Users/lhamann2024/Downloads/microblogg/venv/lib/python3.12/site-packages/flask/app.py", line 917, in full_dispatch_request
    rv = self.dispatch_request()
         ^^^^^^^^^^^^^^^^^^^^^^^
  File "/Users/lhamann2024/Downloads/microblogg/venv/lib/python3.12/site-packages/flask/app.py", line 902, in dispatch_request
    return self.ensure_sync(self.view_functions[rule.endpoint])(**view_args)  # type: ignore[no-any-return]
           ^^^^^^^^^^^^^^^^^^^^^^^^^^^^^^^^^^^^^^^^^^^^^^^^^^^^^^^^^^^^^^^^^
  File "/Users/lhamann2024/Downloads/microblogg/venv/lib/python3.12/site-packages/flask_login/utils.py", line 290, in decorated_view
    return current_app.ensure_sync(func)(*args, **kwargs)
           ^^^^^^^^^^^^^^^^^^^^^^^^^^^^^^^^^^^^^^^^^^^^^^
  File "/Users/lhamann2024/Downloads/projectt/app/routes.py", line 67, in index
    return redirect(url_for('index'))
  File "/Users/lhamann2024/Downloads/projectt/app/email.py", line 34, in send_item_confirmation_email
    text_body=render_template('email/item_confirmation.txt',
              ^^^^^^^^^^^^^^^^^^^^^^^^^^^^^^^^^^^^^^^^^^^^^^
  File "/Users/lhamann2024/Downloads/microblogg/venv/lib/python3.12/site-packages/flask/templating.py", line 149, in render_template
    template = app.jinja_env.get_or_select_template(template_name_or_list)
               ^^^^^^^^^^^^^^^^^^^^^^^^^^^^^^^^^^^^^^^^^^^^^^^^^^^^^^^^^^^
  File "/Users/lhamann2024/Downloads/microblogg/venv/lib/python3.12/site-packages/jinja2/environment.py", line 1087, in get_or_select_template
    return self.get_template(template_name_or_list, parent, globals)
           ^^^^^^^^^^^^^^^^^^^^^^^^^^^^^^^^^^^^^^^^^^^^^^^^^^^^^^^^^
  File "/Users/lhamann2024/Downloads/microblogg/venv/lib/python3.12/site-packages/jinja2/environment.py", line 1016, in get_template
    return self._load_template(name, globals)
           ^^^^^^^^^^^^^^^^^^^^^^^^^^^^^^^^^^
  File "/Users/lhamann2024/Downloads/microblogg/venv/lib/python3.12/site-packages/jinja2/environment.py", line 975, in _load_template
    template = self.loader.load(self, name, self.make_globals(globals))
               ^^^^^^^^^^^^^^^^^^^^^^^^^^^^^^^^^^^^^^^^^^^^^^^^^^^^^^^^
  File "/Users/lhamann2024/Downloads/microblogg/venv/lib/python3.12/site-packages/jinja2/loaders.py", line 126, in load
    source, filename, uptodate = self.get_source(environment, name)
                                 ^^^^^^^^^^^^^^^^^^^^^^^^^^^^^^^^^^
  File "/Users/lhamann2024/Downloads/microblogg/venv/lib/python3.12/site-packages/flask/templating.py", line 65, in get_source
    return self._get_source_fast(environment, template)
           ^^^^^^^^^^^^^^^^^^^^^^^^^^^^^^^^^^^^^^^^^^^^
  File "/Users/lhamann2024/Downloads/microblogg/venv/lib/python3.12/site-packages/flask/templating.py", line 99, in _get_source_fast
    raise TemplateNotFound(template)
jinja2.exceptions.TemplateNotFound: email/item_confirmation.txt
2025-06-13 13:06:12,171 INFO: Campus Lost & Found Portal startup [in /Users/lhamann2024/Downloads/projectt/app/__init__.py:53]
2025-06-13 13:11:47,636 INFO: Campus Lost & Found Portal startup [in /Users/lhamann2024/Downloads/projectt/app/__init__.py:53]
2025-06-13 13:11:58,122 INFO: Campus Lost & Found Portal startup [in /Users/lhamann2024/Downloads/projectt/app/__init__.py:53]
2025-06-13 13:12:09,752 INFO: Campus Lost & Found Portal startup [in /Users/lhamann2024/Downloads/projectt/app/__init__.py:53]
2025-06-13 13:12:18,127 INFO: Campus Lost & Found Portal startup [in /Users/lhamann2024/Downloads/projectt/app/__init__.py:53]
2025-06-13 13:12:24,354 INFO: Campus Lost & Found Portal startup [in /Users/lhamann2024/Downloads/projectt/app/__init__.py:53]
2025-06-13 13:29:04,665 INFO: Campus Lost & Found Portal startup [in /Users/lhamann2024/Downloads/projectt/app/__init__.py:53]
2025-06-13 13:29:08,904 INFO: Campus Lost & Found Portal startup [in /Users/lhamann2024/Downloads/projectt/app/__init__.py:53]
2025-06-13 13:29:14,451 INFO: Campus Lost & Found Portal startup [in /Users/lhamann2024/Downloads/projectt/app/__init__.py:53]
2025-06-13 13:29:27,833 INFO: Campus Lost & Found Portal startup [in /Users/lhamann2024/Downloads/projectt/app/__init__.py:53]
2025-06-13 13:29:32,963 INFO: Campus Lost & Found Portal startup [in /Users/lhamann2024/Downloads/projectt/app/__init__.py:53]
2025-06-13 13:38:31,532 INFO: Campus Lost & Found Portal startup [in /Users/lhamann2024/Downloads/projectt/app/__init__.py:53]
